<?xml version="1.0" encoding="UTF-8" ?>
<testsuite failures="0" time="0.05" errors="0" skipped="0" tests="36" name="machine.VendingMachineTest">
  <properties>
[...]
</properties>
  <testcase time="0.006" classname="machine.VendingMachineTest" name="itemCounterIsZeroIfNoRefill"/>
  <testcase time="0.001" classname="machine.VendingMachineTest" name="getItemsPrice"/>
  <testcase time="0.003" classname="machine.VendingMachineTest" name="addCoinsToChange"/>
  <testcase time="0" classname="machine.VendingMachineTest" name="getPriceItemNotExistent"/>
  <testcase time="0" classname="machine.VendingMachineTest" name="turnsOn"/>
  <testcase time="0.002" classname="machine.VendingMachineTest" name="insertDifferentCoins"/>
  <testcase time="0.001" classname="machine.VendingMachineTest" name="insertCoin50pence"/>
  <testcase time="0.001" classname="machine.VendingMachineTest" name="addCoins50pence"/>
  <testcase time="0.002" classname="machine.VendingMachineTest" name="buyWithNotEnoughMoneyItemA"/>
  <testcase time="0.002" classname="machine.VendingMachineTest" name="buyWithNotEnoughMoneyItemB"/>
  <testcase time="0.001" classname="machine.VendingMachineTest" name="buyWithNotEnoughMoneyItemC"/>
  <testcase time="0.004" classname="machine.VendingMachineTest" name="buyWithNoStockItemA"/>
  <testcase time="0.002" classname="machine.VendingMachineTest" name="buyWithNoStockItemB"/>
  <testcase time="0.002" classname="machine.VendingMachineTest" name="buyWithNoStockItemC"/>
  <testcase time="0" classname="machine.VendingMachineTest" name="insertCoin10pence"/>
  <testcase time="0.002" classname="machine.VendingMachineTest" name="defaultStateIsOff"/>
  <testcase time="0" classname="machine.VendingMachineTest" name="turnsOff"/>
  <testcase time="0.001" classname="machine.VendingMachineTest" name="addCoins10pence"/>
  <testcase time="0.002" classname="machine.VendingMachineTest" name="coinReturnButtonWithCoins"/>
  <testcase time="0" classname="machine.VendingMachineTest" name="hasItemCounter"/>
  <testcase time="0.001" classname="machine.VendingMachineTest" name="buyWithMoreThanEnoughMoneyItemAndNotChangeAvailable"/>
  <testcase time="0" classname="machine.VendingMachineTest" name="insertCoin20pence"/>
  <testcase time="0" classname="machine.VendingMachineTest" name="addCoins1pound"/>
  <testcase time="0" classname="machine.VendingMachineTest" name="addCoins20pence"/>
  <testcase time="0.001" classname="machine.VendingMachineTest" name="insertCoinsMachineOff"/>
  <testcase time="0.002" classname="machine.VendingMachineTest" name="buyWithMoreThanEnoughMoneyItemA"/>
  <testcase time="0.002" classname="machine.VendingMachineTest" name="buyWithMoreThanEnoughMoneyItemB"/>
  <testcase time="0.003" classname="machine.VendingMachineTest" name="buyWithMoreThanEnoughMoneyItemC"/>
  <testcase time="0.001" classname="machine.VendingMachineTest" name="hasCoinsAvailable"/>
  <testcase time="0" classname="machine.VendingMachineTest" name="insertCoin1euro"/>
  <testcase time="0.001" classname="machine.VendingMachineTest" name="coinReturnButton"/>
  <testcase time="0.001" classname="machine.VendingMachineTest" name="buyWithExactMoneyItemA"/>
  <testcase time="0.002" classname="machine.VendingMachineTest" name="buyWithExactMoneyItemB"/>
  <testcase time="0.002" classname="machine.VendingMachineTest" name="buyWithExactMoneyItemC"/>
  <testcase time="0.001" classname="machine.VendingMachineTest" name="itemRefill"/>
  <testcase time="0.001" classname="machine.VendingMachineTest" name="insertCoin1pound"/>
</testsuite>